d:\secure file transfer system\fltdriver\x64\debug\vc143.pdb
d:\secure file transfer system\fltdriver\x64\debug\whitelist.obj
d:\secure file transfer system\fltdriver\x64\debug\utils.obj
d:\secure file transfer system\fltdriver\x64\debug\securefilter.obj
d:\secure file transfer system\fltdriver\x64\debug\logger.obj
d:\secure file transfer system\fltdriver\x64\debug\communication.obj
d:\secure file transfer system\fltdriver\x64\debug\callbacks.obj
d:\secure file transfer system\fltdriver\x64\debug\fltdriver\fltdriver.cat
d:\secure file transfer system\fltdriver\x64\debug\fltdriver.sys
d:\secure file transfer system\fltdriver\x64\debug\fltdriver.pdb
d:\secure file transfer system\fltdriver\x64\debug\fltdriver.inf
d:\secure file transfer system\fltdriver\x64\debug\fltdriver.cer
d:\secure file transfer system\fltdriver\x64\debug\fltdriver.tlog\cl.command.1.tlog
d:\secure file transfer system\fltdriver\x64\debug\fltdriver.tlog\cl.items.tlog
d:\secure file transfer system\fltdriver\x64\debug\fltdriver.tlog\cl.read.1.tlog
d:\secure file transfer system\fltdriver\x64\debug\fltdriver.tlog\cl.write.1.tlog
d:\secure file transfer system\fltdriver\x64\debug\fltdriver.tlog\drvcat.command.1.tlog
d:\secure file transfer system\fltdriver\x64\debug\fltdriver.tlog\drvcat.read.1.tlog
d:\secure file transfer system\fltdriver\x64\debug\fltdriver.tlog\drvcat.write.1.tlog
d:\secure file transfer system\fltdriver\x64\debug\fltdriver.tlog\inf2cat-expand.14624.read.1.tlog
d:\secure file transfer system\fltdriver\x64\debug\fltdriver.tlog\inf2cat-expand.14624.write.1.tlog
d:\secure file transfer system\fltdriver\x64\debug\fltdriver.tlog\inf2cat-expand.read.1.tlog
d:\secure file transfer system\fltdriver\x64\debug\fltdriver.tlog\inf2cat-expand.write.1.tlog
d:\secure file transfer system\fltdriver\x64\debug\fltdriver.tlog\inf2cat.command.1.tlog
d:\secure file transfer system\fltdriver\x64\debug\fltdriver.tlog\inf2cat.read.1.tlog
d:\secure file transfer system\fltdriver\x64\debug\fltdriver.tlog\inf2cat.write.1.tlog
d:\secure file transfer system\fltdriver\x64\debug\fltdriver.tlog\link.command.1.tlog
d:\secure file transfer system\fltdriver\x64\debug\fltdriver.tlog\link.read.1.tlog
d:\secure file transfer system\fltdriver\x64\debug\fltdriver.tlog\link.secondary.1.tlog
d:\secure file transfer system\fltdriver\x64\debug\fltdriver.tlog\link.write.1.tlog
d:\secure file transfer system\fltdriver\x64\debug\fltdriver.tlog\signtool.command.1.tlog
d:\secure file transfer system\fltdriver\x64\debug\fltdriver.tlog\signtool.read.1.tlog
d:\secure file transfer system\fltdriver\x64\debug\fltdriver.tlog\signtool.timestamp.1.tlog
d:\secure file transfer system\fltdriver\x64\debug\fltdriver.tlog\signtool.write.1.tlog
d:\secure file transfer system\fltdriver\x64\debug\fltdriver.tlog\stampinf.command.1.tlog
d:\secure file transfer system\fltdriver\x64\debug\fltdriver.tlog\stampinf.read.1.tlog
d:\secure file transfer system\fltdriver\x64\debug\fltdriver.tlog\stampinf.write.1.tlog
